------------------
_D3orm5table16__unittestL253_5FZv	0	13	12
	    2	_D3orm5table35__T11TableFormatTS3orm5table5Test1Z11TableFormat6__ctorMFZC3orm5table35__T11TableFormatTS3orm5table5Test1Z11TableFormat
------------------
	    2	_D3orm5table16__unittestL253_5FZv
_D3orm5table35__T11TableFormatTS3orm5table5Test1Z11TableFormat6__ctorMFZC3orm5table35__T11TableFormatTS3orm5table5Test1Z11TableFormat	2	1	1
------------------
	    2	_D3std11concurrency133__T6_spawnTPFOC3orm8database32__T8DataBaseVAyaa6_746573746264Z8DataBaseZvTOC3orm8database32__T8DataBaseVAyaa6_746573746264Z8DataBaseZ6_spawnFbPFOC3orm8database32__T8DataBaseVAyaa6_746573746264Z8DataBaseZvOC3orm8database32__T8DataBaseVAyaa6_746573746264Z8DataBaseZS3std11concurrency3Tid4execMFZv
_D3orm8database32__T8DataBaseVAyaa6_746573746264Z8DataBase18checkTimeoutThreadFOC3orm8database32__T8DataBaseVAyaa6_746573746264Z8DataBaseZv	2	323260	323255
	    2	_D3std9exception49__T9enforceExTC4core9exception16OutOfMemoryErrorZ42__T9enforceExTPS8derelict2pq5types6PGconnZ9enforceExFNaNfPS8derelict2pq5types6PGconnAyakZPS8derelict2pq5types6PGconn
	    2	_D4dpq210connection14BaseConnection11nonBlockingMFNdNeZb
------------------
	    2	_Dmain
_D3orm8database32__T8DataBaseVAyaa6_746573746264Z8DataBase6__ctorMFAyaZC3orm8database32__T8DataBaseVAyaa6_746573746264Z8DataBase	2	108885647	108483808
	    2	_D3orm8database32__T8DataBaseVAyaa6_746573746264Z8DataBase6__ctorMFZC3orm8database32__T8DataBaseVAyaa6_746573746264Z8DataBase
	    2	_D4dpq210connection14BaseConnection7connectMFNeZv
	    2	_D3std11concurrency133__T6_spawnTPFOC3orm8database32__T8DataBaseVAyaa6_746573746264Z8DataBaseZvTOC3orm8database32__T8DataBaseVAyaa6_746573746264Z8DataBaseZ6_spawnFbPFOC3orm8database32__T8DataBaseVAyaa6_746573746264Z8DataBaseZvOC3orm8database32__T8DataBaseVAyaa6_746573746264Z8DataBaseZS3std11concurrency3Tid4execMFZv
	    1	_D4main11ButtonUsage6onBtn3MFC3gtk6Button6ButtonZv
	    5	_D4dpq210connection14BaseConnection9connectedMFNdNeZb
	    2	_D4dpq210connection14BaseConnection10disconnectMFNeZv
------------------
	    2	_D3orm8database32__T8DataBaseVAyaa6_746573746264Z8DataBase6__ctorMFAyaZC3orm8database32__T8DataBaseVAyaa6_746573746264Z8DataBase
_D3orm8database32__T8DataBaseVAyaa6_746573746264Z8DataBase6__ctorMFZC3orm8database32__T8DataBaseVAyaa6_746573746264Z8DataBase	2	809	22
	    2	_D3std11concurrency132__T5spawnTPFOC3orm8database32__T8DataBaseVAyaa6_746573746264Z8DataBaseZvTOC3orm8database32__T8DataBaseVAyaa6_746573746264Z8DataBaseZ5spawnFPFOC3orm8database32__T8DataBaseVAyaa6_746573746264Z8DataBaseZvOC3orm8database32__T8DataBaseVAyaa6_746573746264Z8DataBaseZS3std11concurrency3Tid
------------------
	   50	_D3std9algorithm43__T10countUntilVAyaa6_61203d3d2062TAyaTAyaZ10countUntilFNaNfAyaAyaZi
_D3std10functional33__T9binaryFunVAyaa6_61203d3d2062Z18__T9binaryFunTwTwZ9binaryFunFNaNbNfwwZb	50	2	2
------------------
	    2	_D3orm8database32__T8DataBaseVAyaa6_746573746264Z8DataBase6__ctorMFZC3orm8database32__T8DataBaseVAyaa6_746573746264Z8DataBase
_D3std11concurrency132__T5spawnTPFOC3orm8database32__T8DataBaseVAyaa6_746573746264Z8DataBaseZvTOC3orm8database32__T8DataBaseVAyaa6_746573746264Z8DataBaseZ5spawnFPFOC3orm8database32__T8DataBaseVAyaa6_746573746264Z8DataBaseZvOC3orm8database32__T8DataBaseVAyaa6_746573746264Z8DataBaseZS3std11concurrency3Tid	2	787	0
	    2	_D3std11concurrency133__T6_spawnTPFOC3orm8database32__T8DataBaseVAyaa6_746573746264Z8DataBaseZvTOC3orm8database32__T8DataBaseVAyaa6_746573746264Z8DataBaseZ6_spawnFbPFOC3orm8database32__T8DataBaseVAyaa6_746573746264Z8DataBaseZvOC3orm8database32__T8DataBaseVAyaa6_746573746264Z8DataBaseZS3std11concurrency3Tid
------------------
	    2	_D3std11concurrency132__T5spawnTPFOC3orm8database32__T8DataBaseVAyaa6_746573746264Z8DataBaseZvTOC3orm8database32__T8DataBaseVAyaa6_746573746264Z8DataBaseZ5spawnFPFOC3orm8database32__T8DataBaseVAyaa6_746573746264Z8DataBaseZvOC3orm8database32__T8DataBaseVAyaa6_746573746264Z8DataBaseZS3std11concurrency3Tid
_D3std11concurrency133__T6_spawnTPFOC3orm8database32__T8DataBaseVAyaa6_746573746264Z8DataBaseZvTOC3orm8database32__T8DataBaseVAyaa6_746573746264Z8DataBaseZ6_spawnFbPFOC3orm8database32__T8DataBaseVAyaa6_746573746264Z8DataBaseZvOC3orm8database32__T8DataBaseVAyaa6_746573746264Z8DataBaseZS3std11concurrency3Tid	2	787	787
------------------
	    2	_D3orm8database32__T8DataBaseVAyaa6_746573746264Z8DataBase6__ctorMFAyaZC3orm8database32__T8DataBaseVAyaa6_746573746264Z8DataBase
_D3std11concurrency133__T6_spawnTPFOC3orm8database32__T8DataBaseVAyaa6_746573746264Z8DataBaseZvTOC3orm8database32__T8DataBaseVAyaa6_746573746264Z8DataBaseZ6_spawnFbPFOC3orm8database32__T8DataBaseVAyaa6_746573746264Z8DataBaseZvOC3orm8database32__T8DataBaseVAyaa6_746573746264Z8DataBaseZS3std11concurrency3Tid4execMFZv	2	323263	3
	    2	_D3orm8database32__T8DataBaseVAyaa6_746573746264Z8DataBase18checkTimeoutThreadFOC3orm8database32__T8DataBaseVAyaa6_746573746264Z8DataBaseZv
------------------
	    6	_D3std5array14__T5frontTAxaZ5frontFNaNdNfAxaZw
_D3std3utf15__T6decodeTAxaZ6decodeFNaNeKAxaKkZw	6	12	12
------------------
	  100	_D3std5array14__T5frontTAyaZ5frontFNaNdNfAyaZw
_D3std3utf15__T6decodeTAyaZ6decodeFNaNeKAyaKkZw	100	19	19
------------------
	    2	_D3std6format18__T10FormatSpecTaZ10FormatSpec6fillUpMFZv
_D3std4conv16__T5parseTiTAxaZ5parseFKAxaZi	2	16	0
	    6	_D3std5array12__T5emptyTaZ5emptyFNaNbNdNfxAaZb
	    6	_D3std5array14__T5frontTAxaZ5frontFNaNdNfAxaZw
	    4	_D3std5array17__T8popFrontTAxaZ8popFrontFNaNbNeKAxaZv
------------------
	    6	_D4util6common16__unittestL165_8FZv
	    6	_D4util6common16__unittestL188_9FZv
_D3std4math21__T11approxEqualTdTdZ11approxEqualFNaNbNfddZb	12	6	4
	   12	_D3std4math23__T11approxEqualTdTdTdZ11approxEqualFNaNbNfddddZb
------------------
	   28	_D4util6common7trimAngFdZd
	    8	_D4util6common16__unittestL139_7FZv
_D3std4math21__T11approxEqualTdTeZ11approxEqualFNaNbNfdeZb	36	46	11
	   36	_D3std4math23__T11approxEqualTdTeTdZ11approxEqualFNaNbNfdeddZb
------------------
	    4	_D4util6common16__unittestL139_7FZv
_D3std4math21__T11approxEqualTdTiZ11approxEqualFNaNbNfdiZb	4	1	1
	    4	_D3std4math23__T11approxEqualTdTiTdZ11approxEqualFNaNbNfdiddZb
------------------
	   12	_D3std4math21__T11approxEqualTdTdZ11approxEqualFNaNbNfddZb
_D3std4math23__T11approxEqualTdTdTdZ11approxEqualFNaNbNfddddZb	12	2	2
------------------
	   36	_D3std4math21__T11approxEqualTdTeZ11approxEqualFNaNbNfdeZb
_D3std4math23__T11approxEqualTdTeTdZ11approxEqualFNaNbNfdeddZb	36	35	35
------------------
	    4	_D3std4math21__T11approxEqualTdTiZ11approxEqualFNaNbNfdiZb
_D3std4math23__T11approxEqualTdTiTdZ11approxEqualFNaNbNfdiddZb	4	0	0
------------------
	   20	_D3std9algorithm43__T10countUntilVAyaa6_61203d3d2062TAyaTAyaZ10countUntilFNaNfAyaAyaZi
_D3std5array12__T4saveTyaZ4saveFNaNbNdNfAyaZAya	20	1	1
------------------
	  566	_D4dpq23all12_staticCtor1FZv
	   14	_D3std6format18__T10FormatSpecTaZ10FormatSpec62__T17writeUpToNextSpecTS3std5array16__T8AppenderTAaZ8AppenderZ17writeUpToNextSpecMFS3std5array16__T8AppenderTAaZ8AppenderZb
	    2	_D3std6format18__T10FormatSpecTaZ10FormatSpec63__T17writeUpToNextSpecTS3std5array17__T8AppenderTAyaZ8AppenderZ17writeUpToNextSpecMFS3std5array17__T8AppenderTAyaZ8AppenderZb
	    2	_D3std5array17__T8AppenderTAyaZ8Appender12__T3putTAxaZ3putMFAxaZv
	    6	_D3std4conv16__T5parseTiTAxaZ5parseFKAxaZi
	   58	_D3std9algorithm43__T10countUntilVAyaa6_61203d3d2062TAyaTAyaZ10countUntilFNaNfAyaAyaZi
	    2	_D4dpq210connection14BaseConnection7connectMFNeZv
_D3std5array12__T5emptyTaZ5emptyFNaNbNdNfxAaZb	650	1803	1803
------------------
	    6	_D3std4conv16__T5parseTiTAxaZ5parseFKAxaZi
_D3std5array14__T5frontTAxaZ5frontFNaNdNfAxaZw	6	13	1
	    6	_D3std3utf15__T6decodeTAxaZ6decodeFNaNeKAxaKkZw
------------------
	  100	_D3std9algorithm43__T10countUntilVAyaa6_61203d3d2062TAyaTAyaZ10countUntilFNaNfAyaAyaZi
_D3std5array14__T5frontTAyaZ5frontFNaNdNfAyaZw	100	38	19
	  100	_D3std3utf15__T6decodeTAyaZ6decodeFNaNeKAyaKkZw
------------------
	    2	_D3std5array16__T8AppenderTAaZ8Appender13ensureAddableMFkZv
_D3std5array16__T8AppenderTAaZ8Appender11newCapacityFkZk	2	1	1
------------------
	   28	_D3std5range51__T3putTS3std5array16__T8AppenderTAaZ8AppenderTAxaZ3putFKS3std5array16__T8AppenderTAaZ8AppenderAxaZv
_D3std5array16__T8AppenderTAaZ8Appender12__T3putTAxaZ3putMFAxaZv	28	10	4
	   28	_D3std5array16__T8AppenderTAaZ8Appender13ensureAddableMFkZv
------------------
	   28	_D3std5array16__T8AppenderTAaZ8Appender12__T3putTAxaZ3putMFAxaZv
_D3std5array16__T8AppenderTAaZ8Appender13ensureAddableMFkZv	28	6	5
	    2	_D3std5array16__T8AppenderTAaZ8Appender11newCapacityFkZk
------------------
	   12	_D3std6format18__T10FormatSpecTaZ10FormatSpec19__unittestL775_2420FZv
_D3std5array16__T8AppenderTAaZ8Appender4dataMNgFNdZANga	12	1	1
------------------
	    6	_D3std6format18__T10FormatSpecTaZ10FormatSpec19__unittestL775_2420FZv
_D3std5array16__T8AppenderTAaZ8Appender5clearMFZv	6	0	0
------------------
	    2	_D3std5array18__T8appenderTAaTaZ8appenderFAaZS3std5array16__T8AppenderTAaZ8Appender
_D3std5array16__T8AppenderTAaZ8Appender6__ctorMFAaZS3std5array16__T8AppenderTAaZ8Appender	2	17	13
	    2	_D6object15__T8capacityTaZ8capacityFNaNbNdAaZk
------------------
	    4	_D3std5range50__T3putTS3std5array17__T8AppenderTAyaZ8AppenderTaZ3putFKS3std5array17__T8AppenderTAyaZ8AppenderaZv
_D3std5array17__T8AppenderTAyaZ8Appender10__T3putTaZ3putMFaZv	4	9	1
	    4	_D3std5array17__T8AppenderTAyaZ8Appender13ensureAddableMFkZv
------------------
	    2	_D3std5range51__T3putTS3std5array17__T8AppenderTAyaZ8AppenderTAaZ3putFKS3std5array17__T8AppenderTAyaZ8AppenderAaZv
_D3std5array17__T8AppenderTAyaZ8Appender11__T3putTAaZ3putMFAaZv	2	1	0
	    2	_D3std5array17__T8AppenderTAyaZ8Appender13ensureAddableMFkZv
------------------
	    2	_D3std5range51__T3putTS3std5array17__T8AppenderTAyaZ8AppenderTxaZ3putFKS3std5array17__T8AppenderTAyaZ8AppenderxaZv
_D3std5array17__T8AppenderTAyaZ8Appender11__T3putTxaZ3putMFxaZv	2	0	0
	    2	_D3std5array17__T8AppenderTAyaZ8Appender13ensureAddableMFkZv
------------------
	    2	_D3std5array17__T8AppenderTAyaZ8Appender13ensureAddableMFkZv
_D3std5array17__T8AppenderTAyaZ8Appender11newCapacityFkZk	2	2	2
------------------
	    2	_D3std5range52__T3putTS3std5array17__T8AppenderTAyaZ8AppenderTAxaZ3putFKS3std5array17__T8AppenderTAyaZ8AppenderAxaZv
_D3std5array17__T8AppenderTAyaZ8Appender12__T3putTAxaZ3putMFAxaZv	2	0	0
	    2	_D3std5array12__T5emptyTaZ5emptyFNaNbNdNfxAaZb
------------------
	    4	_D3std5array17__T8AppenderTAyaZ8Appender10__T3putTaZ3putMFaZv
	    2	_D3std5array17__T8AppenderTAyaZ8Appender11__T3putTAaZ3putMFAaZv
	    2	_D3std5array17__T8AppenderTAyaZ8Appender11__T3putTxaZ3putMFxaZv
_D3std5array17__T8AppenderTAyaZ8Appender13ensureAddableMFkZv	8	9	7
	    2	_D3std5array17__T8AppenderTAyaZ8Appender11newCapacityFkZk
------------------
	    2	_D3std6format18__T10FormatSpecTaZ10FormatSpec12getCurFmtStrMxFZAya
_D3std5array17__T8AppenderTAyaZ8Appender4dataMNgFNdZAya	2	0	0
------------------
	    4	_D3std5array20__T8appenderTAyaTyaZ8appenderFAyaZS3std5array17__T8AppenderTAyaZ8Appender
_D3std5array17__T8AppenderTAyaZ8Appender6__ctorMFAyaZS3std5array17__T8AppenderTAyaZ8Appender	4	10	4
	    4	_D6object16__T8capacityTyaZ8capacityFNaNbNdAyaZk
------------------
	    4	_D3std4conv16__T5parseTiTAxaZ5parseFKAxaZi
_D3std5array17__T8popFrontTAxaZ8popFrontFNaNbNeKAxaZv	4	2	2
------------------
	   50	_D3std9algorithm43__T10countUntilVAyaa6_61203d3d2062TAyaTAyaZ10countUntilFNaNfAyaAyaZi
	   10	_D3std5range16__T7dropOneTAyaZ7dropOneFNaNbNfAyaZAya
_D3std5array17__T8popFrontTAyaZ8popFrontFNaNbNeKAyaZv	60	8	8
------------------
	    2	_D3std6format18__T10FormatSpecTaZ10FormatSpec19__unittestL775_2420FZv
_D3std5array18__T8appenderTAaTaZ8appenderFAaZS3std5array16__T8AppenderTAaZ8Appender	2	17	0
	    2	_D3std5array16__T8AppenderTAaZ8Appender6__ctorMFAaZS3std5array16__T8AppenderTAaZ8Appender
------------------
	    2	_D3std6format18__T10FormatSpecTaZ10FormatSpec20__unittestL1085_2421FZv
	    2	_D3std6format18__T10FormatSpecTaZ10FormatSpec12getCurFmtStrMxFZAya
_D3std5array20__T8appenderTAyaTyaZ8appenderFAyaZS3std5array17__T8AppenderTAyaZ8Appender	4	11	1
	    4	_D3std5array17__T8AppenderTAyaZ8Appender6__ctorMFAyaZS3std5array17__T8AppenderTAyaZ8Appender
------------------
	   10	_D3std9algorithm43__T10countUntilVAyaa6_61203d3d2062TAyaTAyaZ10countUntilFNaNfAyaAyaZi
_D3std5range16__T7dropOneTAyaZ7dropOneFNaNbNfAyaZAya	10	3	2
	   10	_D3std5array17__T8popFrontTAyaZ8popFrontFNaNbNeKAyaZv
------------------
	    4	_D3std6format18__T10FormatSpecTaZ10FormatSpec12getCurFmtStrMxFZAya
_D3std5range50__T3putTS3std5array17__T8AppenderTAyaZ8AppenderTaZ3putFKS3std5array17__T8AppenderTAyaZ8AppenderaZv	4	9	0
	    4	_D3std5array17__T8AppenderTAyaZ8Appender10__T3putTaZ3putMFaZv
------------------
	   28	_D3std6format18__T10FormatSpecTaZ10FormatSpec62__T17writeUpToNextSpecTS3std5array16__T8AppenderTAaZ8AppenderZ17writeUpToNextSpecMFS3std5array16__T8AppenderTAaZ8AppenderZb
_D3std5range51__T3putTS3std5array16__T8AppenderTAaZ8AppenderTAxaZ3putFKS3std5array16__T8AppenderTAaZ8AppenderAxaZv	28	20	10
	   28	_D3std5array16__T8AppenderTAaZ8Appender12__T3putTAxaZ3putMFAxaZv
------------------
	    2	_D3std6format62__T14formatUnsignedTS3std5array17__T8AppenderTAyaZ8AppenderTaZ14formatUnsignedFS3std5array17__T8AppenderTAyaZ8AppendermKS3std6format18__T10FormatSpecTaZ10FormatSpeckbZv
_D3std5range51__T3putTS3std5array17__T8AppenderTAyaZ8AppenderTAaZ3putFKS3std5array17__T8AppenderTAyaZ8AppenderAaZv	2	2	1
	    2	_D3std5array17__T8AppenderTAyaZ8Appender11__T3putTAaZ3putMFAaZv
------------------
	    2	_D3std6format18__T10FormatSpecTaZ10FormatSpec12getCurFmtStrMxFZAya
_D3std5range51__T3putTS3std5array17__T8AppenderTAyaZ8AppenderTxaZ3putFKS3std5array17__T8AppenderTAyaZ8AppenderxaZv	2	0	0
	    2	_D3std5array17__T8AppenderTAyaZ8Appender11__T3putTxaZ3putMFxaZv
------------------
	    2	_D3std6format18__T10FormatSpecTaZ10FormatSpec63__T17writeUpToNextSpecTS3std5array17__T8AppenderTAyaZ8AppenderZ17writeUpToNextSpecMFS3std5array17__T8AppenderTAyaZ8AppenderZb
_D3std5range52__T3putTS3std5array17__T8AppenderTAyaZ8AppenderTAxaZ3putFKS3std5array17__T8AppenderTAyaZ8AppenderAxaZv	2	0	0
	    2	_D3std5array17__T8AppenderTAyaZ8Appender12__T3putTAxaZ3putMFAxaZv
------------------
	    2	_D3std6format18__T10FormatSpecTaZ10FormatSpec20__unittestL1085_2421FZv
_D3std6format18__T10FormatSpecTaZ10FormatSpec12getCurFmtStrMxFZAya	2	36	9
	    2	_D3std5array20__T8appenderTAyaTyaZ8appenderFAyaZS3std5array17__T8AppenderTAyaZ8Appender
	    2	_D3std6format18__T10FormatSpecTaZ10FormatSpec6__ctorMFxAaZS3std6format18__T10FormatSpecTaZ10FormatSpec
	    4	_D3std5range50__T3putTS3std5array17__T8AppenderTAyaZ8AppenderTaZ3putFKS3std5array17__T8AppenderTAyaZ8AppenderaZv
	    2	_D3std6format18__T10FormatSpecTaZ10FormatSpec6flDashMxFNaNbNdNfZb
	    2	_D3std6format18__T10FormatSpecTaZ10FormatSpec6flZeroMxFNaNbNdNfZb
	    2	_D3std6format18__T10FormatSpecTaZ10FormatSpec7flSpaceMxFNaNbNdNfZb
	    2	_D3std6format18__T10FormatSpecTaZ10FormatSpec6flPlusMxFNaNbNdNfZb
	    2	_D3std6format18__T10FormatSpecTaZ10FormatSpec6flHashMxFNaNbNdNfZb
	    2	_D3std6format62__T11formatValueTS3std5array17__T8AppenderTAyaZ8AppenderTxiTaZ11formatValueFS3std5array17__T8AppenderTAyaZ8AppenderxiKS3std6format18__T10FormatSpecTaZ10FormatSpecZv
	    2	_D3std5range51__T3putTS3std5array17__T8AppenderTAyaZ8AppenderTxaZ3putFKS3std5array17__T8AppenderTAyaZ8AppenderxaZv
	    2	_D3std5array17__T8AppenderTAyaZ8Appender4dataMNgFNdZAya
------------------
_D3std6format18__T10FormatSpecTaZ10FormatSpec19__unittestL775_2420FZv	0	75	22
	    2	_D3std5array18__T8appenderTAaTaZ8appenderFAaZS3std5array16__T8AppenderTAaZ8Appender
	    8	_D3std6format18__T10FormatSpecTaZ10FormatSpec6__ctorMFxAaZS3std6format18__T10FormatSpecTaZ10FormatSpec
	   14	_D3std6format18__T10FormatSpecTaZ10FormatSpec62__T17writeUpToNextSpecTS3std5array16__T8AppenderTAaZ8AppenderZ17writeUpToNextSpecMFS3std5array16__T8AppenderTAaZ8AppenderZb
	   12	_D3std5array16__T8AppenderTAaZ8Appender4dataMNgFNdZANga
	    6	_D3std5array16__T8AppenderTAaZ8Appender5clearMFZv
------------------
_D3std6format18__T10FormatSpecTaZ10FormatSpec20__unittestL1085_2421FZv	0	87	11
	    2	_D3std5array20__T8appenderTAyaTyaZ8appenderFAyaZS3std5array17__T8AppenderTAyaZ8Appender
	    2	_D3std6format18__T10FormatSpecTaZ10FormatSpec6__ctorMFxAaZS3std6format18__T10FormatSpecTaZ10FormatSpec
	    2	_D3std6format18__T10FormatSpecTaZ10FormatSpec63__T17writeUpToNextSpecTS3std5array17__T8AppenderTAyaZ8AppenderZ17writeUpToNextSpecMFS3std5array17__T8AppenderTAyaZ8AppenderZb
	    2	_D3std6format18__T10FormatSpecTaZ10FormatSpec12getCurFmtStrMxFZAya
------------------
	   14	_D3std6format18__T10FormatSpecTaZ10FormatSpec19__unittestL775_2420FZv
_D3std6format18__T10FormatSpecTaZ10FormatSpec62__T17writeUpToNextSpecTS3std5array16__T8AppenderTAaZ8AppenderZ17writeUpToNextSpecMFS3std5array16__T8AppenderTAaZ8AppenderZb	14	33	9
	   14	_D3std5array12__T5emptyTaZ5emptyFNaNbNdNfxAaZb
	   28	_D3std5range51__T3putTS3std5array16__T8AppenderTAaZ8AppenderTAxaZ3putFKS3std5array16__T8AppenderTAaZ8AppenderAxaZv
	   12	_D3std6format18__T10FormatSpecTaZ10FormatSpec6fillUpMFZv
------------------
	    2	_D3std6format18__T10FormatSpecTaZ10FormatSpec20__unittestL1085_2421FZv
_D3std6format18__T10FormatSpecTaZ10FormatSpec63__T17writeUpToNextSpecTS3std5array17__T8AppenderTAyaZ8AppenderZ17writeUpToNextSpecMFS3std5array17__T8AppenderTAyaZ8AppenderZb	2	33	4
	    2	_D3std5array12__T5emptyTaZ5emptyFNaNbNdNfxAaZb
	    2	_D3std5range52__T3putTS3std5array17__T8AppenderTAyaZ8AppenderTAxaZ3putFKS3std5array17__T8AppenderTAyaZ8AppenderAxaZv
	    2	_D3std6format18__T10FormatSpecTaZ10FormatSpec6fillUpMFZv
------------------
	    8	_D3std6format18__T10FormatSpecTaZ10FormatSpec19__unittestL775_2420FZv
	    2	_D3std6format18__T10FormatSpecTaZ10FormatSpec20__unittestL1085_2421FZv
	    2	_D3std6format18__T10FormatSpecTaZ10FormatSpec12getCurFmtStrMxFZAya
_D3std6format18__T10FormatSpecTaZ10FormatSpec6__ctorMFxAaZS3std6format18__T10FormatSpecTaZ10FormatSpec	12	2	2
------------------
	   12	_D3std6format18__T10FormatSpecTaZ10FormatSpec62__T17writeUpToNextSpecTS3std5array16__T8AppenderTAaZ8AppenderZ17writeUpToNextSpecMFS3std5array16__T8AppenderTAaZ8AppenderZb
	    2	_D3std6format18__T10FormatSpecTaZ10FormatSpec63__T17writeUpToNextSpecTS3std5array17__T8AppenderTAyaZ8AppenderZ17writeUpToNextSpecMFS3std5array17__T8AppenderTAyaZ8AppenderZb
_D3std6format18__T10FormatSpecTaZ10FormatSpec6fillUpMFZv	14	31	15
	    2	_D3std4conv16__T5parseTiTAxaZ5parseFKAxaZi
------------------
	    2	_D3std6format18__T10FormatSpecTaZ10FormatSpec12getCurFmtStrMxFZAya
	    2	_D3std6format62__T14formatUnsignedTS3std5array17__T8AppenderTAyaZ8AppenderTaZ14formatUnsignedFS3std5array17__T8AppenderTAyaZ8AppendermKS3std6format18__T10FormatSpecTaZ10FormatSpeckbZv
_D3std6format18__T10FormatSpecTaZ10FormatSpec6flDashMxFNaNbNdNfZb	4	1	1
------------------
	    2	_D3std6format18__T10FormatSpecTaZ10FormatSpec12getCurFmtStrMxFZAya
_D3std6format18__T10FormatSpecTaZ10FormatSpec6flHashMxFNaNbNdNfZb	2	0	0
------------------
	    2	_D3std6format18__T10FormatSpecTaZ10FormatSpec12getCurFmtStrMxFZAya
	    2	_D3std6format62__T14formatUnsignedTS3std5array17__T8AppenderTAyaZ8AppenderTaZ14formatUnsignedFS3std5array17__T8AppenderTAyaZ8AppendermKS3std6format18__T10FormatSpecTaZ10FormatSpeckbZv
_D3std6format18__T10FormatSpecTaZ10FormatSpec6flPlusMxFNaNbNdNfZb	4	1	1
------------------
	    2	_D3std6format18__T10FormatSpecTaZ10FormatSpec12getCurFmtStrMxFZAya
	    2	_D3std6format62__T14formatUnsignedTS3std5array17__T8AppenderTAyaZ8AppenderTaZ14formatUnsignedFS3std5array17__T8AppenderTAyaZ8AppendermKS3std6format18__T10FormatSpecTaZ10FormatSpeckbZv
_D3std6format18__T10FormatSpecTaZ10FormatSpec6flZeroMxFNaNbNdNfZb	4	2	2
------------------
	    2	_D3std6format18__T10FormatSpecTaZ10FormatSpec12getCurFmtStrMxFZAya
	    2	_D3std6format62__T14formatUnsignedTS3std5array17__T8AppenderTAyaZ8AppenderTaZ14formatUnsignedFS3std5array17__T8AppenderTAyaZ8AppendermKS3std6format18__T10FormatSpecTaZ10FormatSpeckbZv
_D3std6format18__T10FormatSpecTaZ10FormatSpec7flSpaceMxFNaNbNdNfZb	4	0	0
------------------
	    2	_D3std6format18__T10FormatSpecTaZ10FormatSpec12getCurFmtStrMxFZAya
_D3std6format62__T11formatValueTS3std5array17__T8AppenderTAyaZ8AppenderTxiTaZ11formatValueFS3std5array17__T8AppenderTAyaZ8AppenderxiKS3std6format18__T10FormatSpecTaZ10FormatSpecZv	2	13	0
	    2	_D3std6format64__T14formatIntegralTS3std5array17__T8AppenderTAyaZ8AppenderTlTaZ14formatIntegralFS3std5array17__T8AppenderTAyaZ8AppenderxlKS3std6format18__T10FormatSpecTaZ10FormatSpecmZv
------------------
	    2	_D3std6format64__T14formatIntegralTS3std5array17__T8AppenderTAyaZ8AppenderTlTaZ14formatIntegralFS3std5array17__T8AppenderTAyaZ8AppenderxlKS3std6format18__T10FormatSpecTaZ10FormatSpecmZv
_D3std6format62__T14formatUnsignedTS3std5array17__T8AppenderTAyaZ8AppenderTaZ14formatUnsignedFS3std5array17__T8AppenderTAyaZ8AppendermKS3std6format18__T10FormatSpecTaZ10FormatSpeckbZv	2	9	4
	    2	_D3std6format18__T10FormatSpecTaZ10FormatSpec6flDashMxFNaNbNdNfZb
	    2	_D3std6format18__T10FormatSpecTaZ10FormatSpec6flZeroMxFNaNbNdNfZb
	    2	_D3std6format18__T10FormatSpecTaZ10FormatSpec6flPlusMxFNaNbNdNfZb
	    2	_D3std6format18__T10FormatSpecTaZ10FormatSpec7flSpaceMxFNaNbNdNfZb
	    2	_D3std5range51__T3putTS3std5array17__T8AppenderTAyaZ8AppenderTAaZ3putFKS3std5array17__T8AppenderTAyaZ8AppenderAaZv
------------------
	    2	_D3std6format62__T11formatValueTS3std5array17__T8AppenderTAyaZ8AppenderTxiTaZ11formatValueFS3std5array17__T8AppenderTAyaZ8AppenderxiKS3std6format18__T10FormatSpecTaZ10FormatSpecZv
_D3std6format64__T14formatIntegralTS3std5array17__T8AppenderTAyaZ8AppenderTlTaZ14formatIntegralFS3std5array17__T8AppenderTAyaZ8AppenderxlKS3std6format18__T10FormatSpecTaZ10FormatSpecmZv	2	13	4
	    2	_D3std9exception44__T9enforceExTC3std6format15FormatExceptionZ16__T9enforceExTbZ9enforceExFNaNfbLAyaAyakZb
	    2	_D3std6format62__T14formatUnsignedTS3std5array17__T8AppenderTAyaZ8AppenderTaZ14formatUnsignedFS3std5array17__T8AppenderTAyaZ8AppendermKS3std6format18__T10FormatSpecTaZ10FormatSpeckbZv
------------------
_D3std7variant17__T8VariantNVk20Z8VariantN55__T8opAssignTS3std7variant17__T8VariantNVk20Z8VariantNZ8opAssignMFNeS3std7variant17__T8VariantNVk20Z8VariantNZS3std7variant17__T8VariantNVk20Z8VariantN	0	3	3
------------------
	    8	_D4util6common7findPosFAyakAyaZi
_D3std9algorithm43__T10countUntilVAyaa6_61203d3d2062TAyaTAyaZ10countUntilFNaNfAyaAyaZi	8	107	51
	   58	_D3std5array12__T5emptyTaZ5emptyFNaNbNdNfxAaZb
	  100	_D3std5array14__T5frontTAyaZ5frontFNaNdNfAyaZw
	   50	_D3std10functional33__T9binaryFunVAyaa6_61203d3d2062Z18__T9binaryFunTwTwZ9binaryFunFNaNbNfwwZb
	   50	_D3std5array17__T8popFrontTAyaZ8popFrontFNaNbNeKAyaZv
	   20	_D3std5array12__T4saveTyaZ4saveFNaNbNdNfAyaZAya
	   10	_D3std5range16__T7dropOneTAyaZ7dropOneFNaNbNfAyaZAya
	   10	_D3std9algorithm43__T10startsWithVAyaa6_61203d3d2062TAyaTAyaZ10startsWithFNaNbNfAyaAyaZb
------------------
	   10	_D3std9algorithm43__T10countUntilVAyaa6_61203d3d2062TAyaTAyaZ10countUntilFNaNfAyaAyaZi
_D3std9algorithm43__T10startsWithVAyaa6_61203d3d2062TAyaTAyaZ10startsWithFNaNbNfAyaAyaZb	10	3	3
------------------
	    2	_D3std6format64__T14formatIntegralTS3std5array17__T8AppenderTAyaZ8AppenderTlTaZ14formatIntegralFS3std5array17__T8AppenderTAyaZ8AppenderxlKS3std6format18__T10FormatSpecTaZ10FormatSpecmZv
_D3std9exception44__T9enforceExTC3std6format15FormatExceptionZ16__T9enforceExTbZ9enforceExFNaNfbLAyaAyakZb	2	0	0
------------------
	    2	_D3orm8database32__T8DataBaseVAyaa6_746573746264Z8DataBase18checkTimeoutThreadFOC3orm8database32__T8DataBaseVAyaa6_746573746264Z8DataBaseZv
_D3std9exception49__T9enforceExTC4core9exception16OutOfMemoryErrorZ42__T9enforceExTPS8derelict2pq5types6PGconnZ9enforceExFNaNfPS8derelict2pq5types6PGconnAyakZPS8derelict2pq5types6PGconn	2	1	1
------------------
	    2	_D3orm8database32__T8DataBaseVAyaa6_746573746264Z8DataBase6__ctorMFAyaZC3orm8database32__T8DataBaseVAyaa6_746573746264Z8DataBase
	    2	_D4dpq210connection14BaseConnection6__dtorMFNeZv
_D4dpq210connection14BaseConnection10disconnectMFNeZv	4	837	837
------------------
	    2	_D3orm8database32__T8DataBaseVAyaa6_746573746264Z8DataBase18checkTimeoutThreadFOC3orm8database32__T8DataBaseVAyaa6_746573746264Z8DataBaseZv
_D4dpq210connection14BaseConnection11nonBlockingMFNdNeZb	2	4	4
------------------
	    2	_D4dpq23all12_staticDtor2FZv
_D4dpq210connection14BaseConnection6__dtorMFNeZv	2	3	2
	    2	_D4dpq210connection14BaseConnection10disconnectMFNeZv
------------------
	    2	_D3orm8database32__T8DataBaseVAyaa6_746573746264Z8DataBase6__ctorMFAyaZC3orm8database32__T8DataBaseVAyaa6_746573746264Z8DataBase
_D4dpq210connection14BaseConnection7connectMFNeZv	2	5968	1687
	    2	_D3std5array12__T5emptyTaZ5emptyFNaNbNdNfxAaZb
	    2	_D4dpq23all12_staticCtor1FZv
------------------
	    5	_D3orm8database32__T8DataBaseVAyaa6_746573746264Z8DataBase6__ctorMFAyaZC3orm8database32__T8DataBaseVAyaa6_746573746264Z8DataBase
_D4dpq210connection14BaseConnection9connectedMFNdNeZb	5	13	13
------------------
	    2	_D4dpq210connection14BaseConnection7connectMFNeZv
_D4dpq23all12_staticCtor1FZv	2	26833	26776
	  566	_D3std5array12__T5emptyTaZ5emptyFNaNbNdNfxAaZb
------------------
	    2	_Dmain
_D4dpq23all12_staticDtor2FZv	2	9660	9657
	    2	_D4dpq210connection14BaseConnection6__dtorMFNeZv
------------------
	    2	_Dmain
_D4main11ButtonUsage6__ctorMFZC4main11ButtonUsage	2	366094	366094
------------------
	    1	_D3orm8database32__T8DataBaseVAyaa6_746573746264Z8DataBase6__ctorMFAyaZC3orm8database32__T8DataBaseVAyaa6_746573746264Z8DataBase
_D4main11ButtonUsage6onBtn3MFC3gtk6Button6ButtonZv	1	70950	70950
------------------
	    6	_D4util6common17__unittestL443_20FZv
_D4util6common11findLastPosFAyakAyaZi	6	2	2
------------------
	    2	_D4util6common15__unittestL97_6FZv
_D4util6common11fromStringzFNbxPaZAya	2	11	11
------------------
	    8	_D4util6common17__unittestL220_10FZv
_D4util6common11removeAfterFAyaAyaZAya	8	32	14
	   82	_D4util6common11removeAfterFAyaAyaZAya7isEqualMFAyaAyaZb
------------------
	   82	_D4util6common11removeAfterFAyaAyaZAya
_D4util6common11removeAfterFAyaAyaZAya7isEqualMFAyaAyaZb	82	18	18
------------------
	    8	_D4util6common17__unittestL413_19FZv
_D4util6common14findPosEscapedFAyakAyaZi	8	18	4
	    8	_D4util6common17countUntilEscapedFAyaAyaZi
------------------
_D4util6common15__unittestL97_6FZv	0	19	8
	    2	_D4util6common11fromStringzFNbxPaZAya
------------------
_D4util6common16__unittestL139_7FZv	0	59	3
	   12	_D4util6common7trimAngFdZd
	    8	_D3std4math21__T11approxEqualTdTeZ11approxEqualFNaNbNfdeZb
	    4	_D3std4math21__T11approxEqualTdTiZ11approxEqualFNaNbNfdiZb
------------------
_D4util6common16__unittestL165_8FZv	0	4	1
	    6	_D4util6common7deg2radFdZd
	    6	_D3std4math21__T11approxEqualTdTdZ11approxEqualFNaNbNfddZb
------------------
_D4util6common16__unittestL188_9FZv	0	6	3
	    6	_D4util6common7rad2degFdZd
	    6	_D3std4math21__T11approxEqualTdTdZ11approxEqualFNaNbNfddZb
------------------
_D4util6common17__unittestL220_10FZv	0	34	2
	    8	_D4util6common11removeAfterFAyaAyaZAya
------------------
_D4util6common17__unittestL288_16FZv	0	10	8
	    2	_D4util6common50__T14commutateByKeyTPFNaNbNfAAyaZiTPFNaNbNfAAyaZiZ14commutateByKeyFNaNbNfAyaAAyaAAyaPFNaNbNfAAyaZiPFNaNbNfAAyaZiZi
	    2	_D4util6common65__T14commutateByKeyTPFNaNbNfAAyaZiTPFNaNbNfAAyaZiTPFNaNbNfAAyaZiZ14commutateByKeyFNaNbNfAyaAAyaAAyaPFNaNbNfAAyaZiPFNaNbNfAAyaZiPFNaNbNfAAyaZiZi
------------------
	    2	_D4util6common50__T14commutateByKeyTPFNaNbNfAAyaZiTPFNaNbNfAAyaZiZ14commutateByKeyFNaNbNfAyaAAyaAAyaPFNaNbNfAAyaZiPFNaNbNfAAyaZiZi
_D4util6common17__unittestL288_16FZv10__lambda11FNaNbNfAAyaZi	2	0	0
------------------
	    2	_D4util6common65__T14commutateByKeyTPFNaNbNfAAyaZiTPFNaNbNfAAyaZiTPFNaNbNfAAyaZiZ14commutateByKeyFNaNbNfAyaAAyaAAyaPFNaNbNfAAyaZiPFNaNbNfAAyaZiPFNaNbNfAAyaZiZi
_D4util6common17__unittestL288_16FZv10__lambda14FNaNbNfAAyaZi	2	0	0
------------------
_D4util6common17__unittestL350_17FZv	0	27	2
	   10	_D4util6common17countUntilEscapedFAyaAyaZi
------------------
_D4util6common17__unittestL382_18FZv	0	110	1
	    8	_D4util6common7findPosFAyakAyaZi
------------------
_D4util6common17__unittestL413_19FZv	0	19	1
	    8	_D4util6common14findPosEscapedFAyakAyaZi
------------------
_D4util6common17__unittestL443_20FZv	0	3	1
	    6	_D4util6common11findLastPosFAyakAyaZi
------------------
_D4util6common17__unittestL486_21FZv	0	1	1
------------------
_D4util6common17__unittestL562_22FZv	0	0	0
------------------
_D4util6common17__unittestL581_23FZv	0	0	0
------------------
_D4util6common17__unittestL712_24FZv	0	0	0
------------------
_D4util6common17__unittestL758_25FZv	0	1	1
------------------
_D4util6common17__unittestL823_26FZv	0	0	0
------------------
_D4util6common17__unittestL855_27FZv	0	0	0
------------------
_D4util6common17__unittestL886_28FZv	0	0	0
------------------
_D4util6common17__unittestL922_29FZv	0	0	0
------------------
	   10	_D4util6common17__unittestL350_17FZv
	    8	_D4util6common14findPosEscapedFAyakAyaZi
_D4util6common17countUntilEscapedFAyaAyaZi	18	39	39
------------------
	    2	_D4util6common17__unittestL288_16FZv
_D4util6common50__T14commutateByKeyTPFNaNbNfAAyaZiTPFNaNbNfAAyaZiZ14commutateByKeyFNaNbNfAyaAAyaAAyaPFNaNbNfAAyaZiPFNaNbNfAAyaZiZi	2	0	0
	    2	_D4util6common17__unittestL288_16FZv10__lambda11FNaNbNfAAyaZi
------------------
	    2	_D4util6common17__unittestL288_16FZv
_D4util6common65__T14commutateByKeyTPFNaNbNfAAyaZiTPFNaNbNfAAyaZiTPFNaNbNfAAyaZiZ14commutateByKeyFNaNbNfAyaAAyaAAyaPFNaNbNfAAyaZiPFNaNbNfAAyaZiPFNaNbNfAAyaZiZi	2	2	2
	    2	_D4util6common17__unittestL288_16FZv10__lambda14FNaNbNfAAyaZi
------------------
	    6	_D4util6common16__unittestL165_8FZv
_D4util6common7deg2radFdZd	6	0	0
------------------
	    8	_D4util6common17__unittestL382_18FZv
_D4util6common7findPosFAyakAyaZi	8	109	2
	    8	_D3std9algorithm43__T10countUntilVAyaa6_61203d3d2062TAyaTAyaZ10countUntilFNaNfAyaAyaZi
------------------
	    6	_D4util6common16__unittestL188_9FZv
_D4util6common7rad2degFdZd	6	0	0
------------------
	   12	_D4util6common16__unittestL139_7FZv
_D4util6common7trimAngFdZd	12	49	9
	   28	_D3std4math21__T11approxEqualTdTeZ11approxEqualFNaNbNfdeZb
------------------
	    2	_D3std5array16__T8AppenderTAaZ8Appender6__ctorMFAaZS3std5array16__T8AppenderTAaZ8Appender
_D6object15__T8capacityTaZ8capacityFNaNbNdAaZk	2	4	4
------------------
	    4	_D3std5array17__T8AppenderTAyaZ8Appender6__ctorMFAyaZS3std5array17__T8AppenderTAyaZ8Appender
_D6object16__T8capacityTyaZ8capacityFNaNbNdAyaZk	4	6	6
------------------
_Dmain	0	109467035	205634
	    2	_D4main11ButtonUsage6__ctorMFZC4main11ButtonUsage
	    2	_D3orm8database32__T8DataBaseVAyaa6_746573746264Z8DataBase6__ctorMFAyaZC3orm8database32__T8DataBaseVAyaa6_746573746264Z8DataBase
	    2	_D4dpq23all12_staticDtor2FZv

======== Timer Is 2603896 Ticks/Sec, Times are in Microsecs ========

  Num          Tree        Func        Per
  Calls        Time        Time        Call

      2    41816434    41662112    20831056     orm.database.DataBase!("testbd").DataBase orm.database.DataBase!("testbd").DataBase.__ctor(immutable(char)[])
      2      140594      140594       70297     main.ButtonUsage main.ButtonUsage.__ctor()
      2      124144      124142       62071     void orm.database.DataBase!("testbd").DataBase.checkTimeoutThread(shared(orm.database.DataBase!("testbd").DataBase))
      1    42039710       78971       78971     _Dmain
      1       27247       27247       27247     void main.ButtonUsage.onBtn3(gtk.Button.Button)
      2       10304       10283        5141     void dpq2.all._staticCtor1()
      2        3709        3708        1854     void dpq2.all._staticDtor2()
    650         692         692           1     pure nothrow @property @safe bool std.array.empty!(char).empty(const(char[]))
      2        2291         647         323     @trusted void dpq2.connection.BaseConnection.connect()
      4         321         321          80     @trusted void dpq2.connection.BaseConnection.disconnect()
      2         302         302         151     std.concurrency.Tid std.concurrency._spawn!(void function(shared(orm.database.DataBase!("testbd").DataBase))*, shared(orm.database.DataBase!("testbd").DataBase))._spawn(bool, void function(shared(orm.database.DataBase!("testbd").DataBase))*, shared(orm.database.DataBase!("testbd").DataBase))
      8          41          19           2     pure @safe int std.algorithm.countUntil!("a == b", immutable(char)[], immutable(char)[]).countUntil(immutable(char)[], immutable(char)[])
     18          14          14           0     int util.common.countUntilEscaped(immutable(char)[], immutable(char)[])
     36          13          13           0     pure nothrow @safe bool std.math.approxEqual!(double, real, double).approxEqual(double, real, double, double)
      2         310           8           4     orm.database.DataBase!("testbd").DataBase orm.database.DataBase!("testbd").DataBase.__ctor()
      1          28           8           8     void std.format.FormatSpec!(char).FormatSpec.__unittestL775_2420()
    100          14           7           0     pure @property @safe dchar std.array.front!(immutable(char)[]).front(immutable(char)[])
    100           7           7           0     pure @trusted dchar std.utf.decode!(immutable(char)[]).decode(ref immutable(char)[], ref uint)
     82           6           6           0     immutable(char)[] util.common.removeAfter(immutable(char)[], immutable(char)[]).bool isEqual(immutable(char)[], immutable(char)[])
     14          11           5           0     void std.format.FormatSpec!(char).FormatSpec.fillUp()
      8          12           5           0     immutable(char)[] util.common.removeAfter(immutable(char)[], immutable(char)[])
      2           6           4           2     std.array.Appender!(char[]).Appender std.array.Appender!(char[]).Appender.__ctor(char[])
      5           4           4           0     @property @trusted bool dpq2.connection.BaseConnection.connected()
      1           4           4           4     void orm.table.__unittestL253_5()
      6           4           4           0     pure @trusted dchar std.utf.decode!(const(char)[]).decode(ref const(char)[], ref uint)
     36          17           4           0     pure nothrow @safe bool std.math.approxEqual!(double, real).approxEqual(double, real)
      2           4           4           2     nothrow immutable(char)[] util.common.fromStringz(const(char*))
      1          33           4           4     void std.format.FormatSpec!(char).FormatSpec.__unittestL1085_2421()
     28           7           3           0     void std.range.put!(std.array.Appender!(char[]).Appender, const(char)[]).put(ref std.array.Appender!(char[]).Appender, const(char)[])
     12          18           3           0     double util.common.trimAng(double)
     14          12           3           0     bool std.format.FormatSpec!(char).FormatSpec.writeUpToNextSpec!(std.array.Appender!(char[]).Appender).writeUpToNextSpec(std.array.Appender!(char[]).Appender)
      2          13           3           1     const(immutable(char)[] function()) std.format.FormatSpec!(char).FormatSpec.getCurFmtStr
      1           3           3           3     void util.common.__unittestL288_16()
     60           3           3           0     pure nothrow @trusted void std.array.popFront!(immutable(char)[]).popFront(ref immutable(char)[])
      1           7           3           3     void util.common.__unittestL97_6()
      8           3           2           0     void std.array.Appender!(immutable(char)[]).Appender.ensureAddable(uint)
      4           2           2           0     pure nothrow @property uint object.capacity!(immutable(char)).capacity(immutable(char)[])
     28           2           1           0     void std.array.Appender!(char[]).Appender.ensureAddable(uint)
      2           3           1           0     void std.format.formatUnsigned!(std.array.Appender!(immutable(char)[]).Appender, char).formatUnsigned(std.array.Appender!(immutable(char)[]).Appender, ulong, ref std.format.FormatSpec!(char).FormatSpec, uint, bool)
      2           1           1           0     pure nothrow @property uint object.capacity!(char).capacity(char[])
      2           4           1           0     void std.format.formatIntegral!(std.array.Appender!(immutable(char)[]).Appender, long, char).formatIntegral(std.array.Appender!(immutable(char)[]).Appender, const(long), ref std.format.FormatSpec!(char).FormatSpec, ulong)
      2          12           1           0     bool std.format.FormatSpec!(char).FormatSpec.writeUpToNextSpec!(std.array.Appender!(immutable(char)[]).Appender).writeUpToNextSpec(std.array.Appender!(immutable(char)[]).Appender)
      8           6           1           0     int util.common.findPosEscaped(immutable(char)[], uint, immutable(char)[])
     12           2           1           0     pure nothrow @safe bool std.math.approxEqual!(double, double).approxEqual(double, double)
      2           1           1           0     @property @trusted bool dpq2.connection.BaseConnection.nonBlocking()
      4           3           1           0     std.array.Appender!(immutable(char)[]).Appender std.array.Appender!(immutable(char)[]).Appender.__ctor(immutable(char)[])
     28           3           1           0     void std.array.Appender!(char[]).Appender.put!(const(char)[]).put(const(char)[])
      1          22           1           1     void util.common.__unittestL139_7()
      2      124145           1           0     _D3std11concurrency133__T6_spawnTPFOC3orm8database32__T8DataBaseVAyaa6_746573746264Z8DataBaseZvTOC3orm8database32__T8DataBaseVAyaa6_746573746264Z8DataBaseZ6_spawnFbPFOC3orm8database32__T8DataBaseVAyaa6_746573746264Z8DataBaseZvOC3orm8database32__T8DataBaseVAyaa6_746573746264Z8DataBaseZS3std11concurrency3Tid4execMFZv
      1           1           1           1     @trusted std.variant.VariantN!(20u).VariantN std.variant.VariantN!(20u).VariantN.opAssign!(std.variant.VariantN!(20u).VariantN).opAssign(std.variant.VariantN!(20u).VariantN)
     10           1           1           0     pure nothrow @safe bool std.algorithm.startsWith!("a == b", immutable(char)[], immutable(char)[]).startsWith(immutable(char)[], immutable(char)[])
      1           2           1           1     void util.common.__unittestL188_9()
      6           0           0           0     int util.common.findLastPos(immutable(char)[], uint, immutable(char)[])
      2           1           0           0     @trusted void dpq2.connection.BaseConnection.__dtor()
     12           0           0           0     pure nothrow @safe bool std.math.approxEqual!(double, double, double).approxEqual(double, double, double, double)
     50           0           0           0     pure nothrow @safe bool std.functional.binaryFun!("a == b").binaryFun!(dchar, dchar).binaryFun(dchar, dchar)
      4           0           0           0     const(pure nothrow @property @safe bool function()) std.format.FormatSpec!(char).FormatSpec.flZero
      1          13           0           0     void util.common.__unittestL220_10()
     10           1           0           0     pure nothrow @safe immutable(char)[] std.range.dropOne!(immutable(char)[]).dropOne(immutable(char)[])
      1          10           0           0     void util.common.__unittestL350_17()
      8          41           0           0     int util.common.findPos(immutable(char)[], uint, immutable(char)[])
      4           0           0           0     pure nothrow @trusted void std.array.popFront!(const(char)[]).popFront(ref const(char)[])
     12           0           0           0     std.format.FormatSpec!(char).FormatSpec std.format.FormatSpec!(char).FormatSpec.__ctor(const(char[]))
      2           0           0           0     uint std.array.Appender!(immutable(char)[]).Appender.newCapacity(uint)
      2           0           0           0     pure nothrow @safe int util.common.commutateByKey!(pure nothrow @safe int function(immutable(char)[][])*, pure nothrow @safe int function(immutable(char)[][])*, pure nothrow @safe int function(immutable(char)[][])*).commutateByKey(immutable(char)[], immutable(char)[][], immutable(char)[][], pure nothrow @safe int function(immutable(char)[][])*, pure nothrow @safe int function(immutable(char)[][])*, pure nothrow @safe int function(immutable(char)[][])*)
      1          42           0           0     void util.common.__unittestL382_18()
      1           7           0           0     void util.common.__unittestL413_19()
      1           0           0           0     void util.common.__unittestL486_21()
      2           0           0           0     orm.table.TableFormat!(orm.table.Test1).TableFormat orm.table.TableFormat!(orm.table.Test1).TableFormat.__ctor()
      1           1           0           0     void util.common.__unittestL165_8()
      1           0           0           0     void util.common.__unittestL758_25()
      1           1           0           0     void util.common.__unittestL443_20()
      2           0           0           0     pure @safe derelict.pq.types.PGconn* std.exception.enforceEx!(core.exception.OutOfMemoryError).enforceEx!(derelict.pq.types.PGconn*).enforceEx(derelict.pq.types.PGconn*, immutable(char)[], uint)
      4           0           0           0     pure nothrow @safe bool std.math.approxEqual!(double, int).approxEqual(double, int)
      2           0           0           0     uint std.array.Appender!(char[]).Appender.newCapacity(uint)
      2           0           0           0     void std.range.put!(std.array.Appender!(immutable(char)[]).Appender, char[]).put(ref std.array.Appender!(immutable(char)[]).Appender, char[])
      4           3           0           0     void std.array.Appender!(immutable(char)[]).Appender.put!(char).put(char)
      4           0           0           0     const(pure nothrow @property @safe bool function()) std.format.FormatSpec!(char).FormatSpec.flDash
     12           0           0           0     std.array.Appender!(char[]).Appender.datainout(@property inout(char)[] function())
      6           4           0           0     pure @property @safe dchar std.array.front!(const(char)[]).front(const(char)[])
     20           0           0           0     pure nothrow @property @safe immutable(char)[] std.array.save!(immutable(char)).save(immutable(char)[])
      4           4           0           0     std.array.Appender!(immutable(char)[]).Appender std.array.appender!(immutable(char)[], immutable(char)).appender(immutable(char)[])
      4           0           0           0     const(pure nothrow @property @safe bool function()) std.format.FormatSpec!(char).FormatSpec.flPlus
      1           0           0           0     void util.common.__unittestL886_28()
      2           6           0           0     int std.conv.parse!(int, const(char)[]).parse(ref const(char)[])
      1           0           0           0     void util.common.__unittestL712_24()
      6           0           0           0     void std.array.Appender!(char[]).Appender.clear()
      1           0           0           0     void util.common.__unittestL823_26()
      1           0           0           0     void util.common.__unittestL855_27()
      1           0           0           0     void util.common.__unittestL922_29()
      1           0           0           0     void util.common.__unittestL562_22()
      4           0           0           0     const(pure nothrow @property @safe bool function()) std.format.FormatSpec!(char).FormatSpec.flSpace
      6           0           0           0     double util.common.rad2deg(double)
      2           6           0           0     std.array.Appender!(char[]).Appender std.array.appender!(char[], char).appender(char[])
      2           4           0           0     void std.format.formatValue!(std.array.Appender!(immutable(char)[]).Appender, const(int), char).formatValue(std.array.Appender!(immutable(char)[]).Appender, const(int), ref std.format.FormatSpec!(char).FormatSpec)
      1           0           0           0     void util.common.__unittestL581_23()
      2         302           0           0     std.concurrency.Tid std.concurrency.spawn!(void function(shared(orm.database.DataBase!("testbd").DataBase))*, shared(orm.database.DataBase!("testbd").DataBase)).spawn(void function(shared(orm.database.DataBase!("testbd").DataBase))*, shared(orm.database.DataBase!("testbd").DataBase))
      2           0           0           0     void std.array.Appender!(immutable(char)[]).Appender.put!(const(char)[]).put(const(char)[])
      2           0           0           0     pure nothrow @safe int util.common.commutateByKey!(pure nothrow @safe int function(immutable(char)[][])*, pure nothrow @safe int function(immutable(char)[][])*).commutateByKey(immutable(char)[], immutable(char)[][], immutable(char)[][], pure nothrow @safe int function(immutable(char)[][])*, pure nothrow @safe int function(immutable(char)[][])*)
      2           0           0           0     void std.array.Appender!(immutable(char)[]).Appender.put!(char[]).put(char[])
      2           0           0           0     void std.range.put!(std.array.Appender!(immutable(char)[]).Appender, const(char)).put(ref std.array.Appender!(immutable(char)[]).Appender, const(char))
      6           0           0           0     double util.common.deg2rad(double)
      2           0           0           0     void std.range.put!(std.array.Appender!(immutable(char)[]).Appender, const(char)[]).put(ref std.array.Appender!(immutable(char)[]).Appender, const(char)[])
      4           3           0           0     void std.range.put!(std.array.Appender!(immutable(char)[]).Appender, char).put(ref std.array.Appender!(immutable(char)[]).Appender, char)
      2           0           0           0     void util.common.__unittestL288_16().pure nothrow @safe int __lambda11(immutable(char)[][])
      4           0           0           0     pure nothrow @safe bool std.math.approxEqual!(double, int, double).approxEqual(double, int, double, double)
      2           0           0           0     void util.common.__unittestL288_16().pure nothrow @safe int __lambda14(immutable(char)[][])
      2           0           0           0     const(pure nothrow @property @safe bool function()) std.format.FormatSpec!(char).FormatSpec.flHash
      2           0           0           0     std.array.Appender!(immutable(char)[]).Appender.datainout(@property immutable(char)[] function())
      2           0           0           0     void std.array.Appender!(immutable(char)[]).Appender.put!(const(char)).put(const(char))
      2           0           0           0     pure @safe bool std.exception.enforceEx!(std.format.FormatException).enforceEx!(bool).enforceEx(bool, lazy immutable(char)[], immutable(char)[], uint)
